# JRE version: OpenJDK Runtime Environment (8.0_372-b07) (build 1.8.0_372-b07)
# Java VM: OpenJDK 64-Bit Server VM (25.372-b07 mixed mode windows-amd64 compressed oops)
Heap:
 PSYoungGen      total 152576K, used 3118K [0x0000000716300000, 0x0000000728d00000, 0x00000007c0000000)
  eden space 131072K, 2% used [0x0000000716300000,0x000000071660b9d0,0x000000071e300000)
  from space 21504K, 0% used [0x000000071f800000,0x000000071f800000,0x0000000720d00000)
  to   space 21504K, 0% used [0x000000071e300000,0x000000071e300000,0x000000071f800000)
 ParOldGen       total 152064K, used 14549K [0x00000005c2800000, 0x00000005cbc80000, 0x0000000716300000)
  object space 152064K, 9% used [0x00000005c2800000,0x00000005c36355e8,0x00000005cbc80000)
 Metaspace       used 20807K, capacity 21090K, committed 21552K, reserved 1069056K
  class space    used 1985K, capacity 2083K, committed 2176K, reserved 1048576K
GC Heap History (6 events):
Event: 16.896 GC heap before
{Heap before GC invocations=1 (full 0):
 PSYoungGen      total 152576K, used 131072K [0x0000000716300000, 0x0000000720d00000, 0x00000007c0000000)
  eden space 131072K, 100% used [0x0000000716300000,0x000000071e300000,0x000000071e300000)
  from space 21504K, 0% used [0x000000071f800000,0x000000071f800000,0x0000000720d00000)
  to   space 21504K, 0% used [0x000000071e300000,0x000000071e300000,0x000000071f800000)
 ParOldGen       total 348160K, used 0K [0x00000005c2800000, 0x00000005d7c00000, 0x0000000716300000)
  object space 348160K, 0% used [0x00000005c2800000,0x00000005c2800000,0x00000005d7c00000)
 Metaspace       used 19244K, capacity 19524K, committed 19968K, reserved 1067008K
  class space    used 1879K, capacity 1966K, committed 2048K, reserved 1048576K
Event: 16.902 GC heap after
Heap after GC invocations=1 (full 0):
 PSYoungGen      total 152576K, used 20905K [0x0000000716300000, 0x0000000720d00000, 0x00000007c0000000)
  eden space 131072K, 0% used [0x0000000716300000,0x0000000716300000,0x000000071e300000)
  from space 21504K, 97% used [0x000000071e300000,0x000000071f76a660,0x000000071f800000)
  to   space 21504K, 0% used [0x000000071f800000,0x000000071f800000,0x0000000720d00000)
 ParOldGen       total 348160K, used 296K [0x00000005c2800000, 0x00000005d7c00000, 0x0000000716300000)
  object space 348160K, 0% used [0x00000005c2800000,0x00000005c284a020,0x00000005d7c00000)
 Metaspace       used 19244K, capacity 19524K, committed 19968K, reserved 1067008K
  class space    used 1879K, capacity 1966K, committed 2048K, reserved 1048576K
}
Event: 17.000 GC heap before
{Heap before GC invocations=2 (full 0):
 PSYoungGen      total 152576K, used 36814K [0x0000000716300000, 0x0000000720d00000, 0x00000007c0000000)
  eden space 131072K, 12% used [0x0000000716300000,0x00000007172894a8,0x000000071e300000)
  from space 21504K, 97% used [0x000000071e300000,0x000000071f76a660,0x000000071f800000)
  to   space 21504K, 0% used [0x000000071f800000,0x000000071f800000,0x0000000720d00000)
 ParOldGen       total 348160K, used 296K [0x00000005c2800000, 0x00000005d7c00000, 0x0000000716300000)
  object space 348160K, 0% used [0x00000005c2800000,0x00000005c284a020,0x00000005d7c00000)
 Metaspace       used 20719K, capacity 20952K, committed 21296K, reserved 1069056K
  class space    used 1979K, capacity 2080K, committed 2176K, reserved 1048576K
Event: 17.003 GC heap after
Heap after GC invocations=2 (full 0):
 PSYoungGen      total 152576K, used 20553K [0x0000000716300000, 0x0000000728d00000, 0x00000007c0000000)
  eden space 131072K, 0% used [0x0000000716300000,0x0000000716300000,0x000000071e300000)
  from space 21504K, 95% used [0x000000071f800000,0x0000000720c12648,0x0000000720d00000)
  to   space 21504K, 0% used [0x000000071e300000,0x000000071e300000,0x000000071f800000)
 ParOldGen       total 348160K, used 304K [0x00000005c2800000, 0x00000005d7c00000, 0x0000000716300000)
  object space 348160K, 0% used [0x00000005c2800000,0x00000005c284c020,0x00000005d7c00000)
 Metaspace       used 20719K, capacity 20952K, committed 21296K, reserved 1069056K
  class space    used 1979K, capacity 2080K, committed 2176K, reserved 1048576K
}
Event: 17.003 GC heap before
{Heap before GC invocations=3 (full 1):
 PSYoungGen      total 152576K, used 20553K [0x0000000716300000, 0x0000000728d00000, 0x00000007c0000000)
  eden space 131072K, 0% used [0x0000000716300000,0x0000000716300000,0x000000071e300000)
  from space 21504K, 95% used [0x000000071f800000,0x0000000720c12648,0x0000000720d00000)
  to   space 21504K, 0% used [0x000000071e300000,0x000000071e300000,0x000000071f800000)
 ParOldGen       total 348160K, used 304K [0x00000005c2800000, 0x00000005d7c00000, 0x0000000716300000)
  object space 348160K, 0% used [0x00000005c2800000,0x00000005c284c020,0x00000005d7c00000)
 Metaspace       used 20719K, capacity 20952K, committed 21296K, reserved 1069056K
  class space    used 1979K, capacity 2080K, committed 2176K, reserved 1048576K
Event: 17.017 GC heap after
Heap after GC invocations=3 (full 1):
 PSYoungGen      total 152576K, used 0K [0x0000000716300000, 0x0000000728d00000, 0x00000007c0000000)
  eden space 131072K, 0% used [0x0000000716300000,0x0000000716300000,0x000000071e300000)
  from space 21504K, 0% used [0x000000071f800000,0x000000071f800000,0x0000000720d00000)
  to   space 21504K, 0% used [0x000000071e300000,0x000000071e300000,0x000000071f800000)
 ParOldGen       total 152064K, used 14549K [0x00000005c2800000, 0x00000005cbc80000, 0x0000000716300000)
  object space 152064K, 9% used [0x00000005c2800000,0x00000005c36355e8,0x00000005cbc80000)
 Metaspace       used 20719K, capacity 20952K, committed 21296K, reserved 1069056K
  class space    used 1979K, capacity 2080K, committed 2176K, reserved 1048576K
}

